<?xml version="1.0" encoding="UTF-8"?>
<testsuite xmlns:xsi="http://www.w3.org/2001/XMLSchema-instance" xsi:noNamespaceSchemaLocation="https://maven.apache.org/surefire/maven-surefire-plugin/xsd/surefire-test-report-3.0.xsd" version="3.0" name="com.back.appecommerce.AppEcommerceApplicationTests" time="10.472" tests="1" errors="0" skipped="0" failures="0">
  <properties>
[...]
</properties>
  <testcase name="contextLoads" classname="com.back.appecommerce.AppEcommerceApplicationTests" time="0.511">
    <system-out><![CDATA[14:03:04.595 [main] INFO org.springframework.test.context.support.AnnotationConfigContextLoaderUtils -- Could not detect default configuration classes for test class [com.back.appecommerce.AppEcommerceApplicationTests]: AppEcommerceApplicationTests does not declare any static, non-private, non-final, nested classes annotated with @Configuration.
14:03:04.716 [main] INFO org.springframework.boot.test.context.SpringBootTestContextBootstrapper -- Found @SpringBootConfiguration com.back.appecommerce.AppEcommerceApplication for test class com.back.appecommerce.AppEcommerceApplicationTests

  .   ____          _            __ _ _
 /\\ / ___'_ __ _ _(_)_ __  __ _ \ \ \ \
( ( )\___ | '_ | '_| | '_ \/ _` | \ \ \ \
 \\/  ___)| |_)| | | | | || (_| |  ) ) ) )
  '  |____| .__|_| |_|_| |_\__, | / / / /
 =========|_|==============|___/=/_/_/_/
 :: Spring Boot ::                (v3.1.0)

2023-06-23T14:03:05.212-03:00  INFO 16268 --- [           main] c.b.a.AppEcommerceApplicationTests       : Starting AppEcommerceApplicationTests using Java 17.0.7 with PID 16268 (started by julia in D:\Estudios\Programación\Proyectos\App-Ecommerce\back)
2023-06-23T14:03:05.213-03:00  INFO 16268 --- [           main] c.b.a.AppEcommerceApplicationTests       : No active profile set, falling back to 1 default profile: "default"
2023-06-23T14:03:06.065-03:00  INFO 16268 --- [           main] .s.d.r.c.RepositoryConfigurationDelegate : Bootstrapping Spring Data JPA repositories in DEFAULT mode.
2023-06-23T14:03:06.138-03:00  INFO 16268 --- [           main] .s.d.r.c.RepositoryConfigurationDelegate : Finished Spring Data repository scanning in 64 ms. Found 4 JPA repository interfaces.
2023-06-23T14:03:06.650-03:00  INFO 16268 --- [           main] o.hibernate.jpa.internal.util.LogHelper  : HHH000204: Processing PersistenceUnitInfo [name: default]
2023-06-23T14:03:06.739-03:00  INFO 16268 --- [           main] org.hibernate.Version                    : HHH000412: Hibernate ORM core version 6.2.2.Final
2023-06-23T14:03:06.742-03:00  INFO 16268 --- [           main] org.hibernate.cfg.Environment            : HHH000406: Using bytecode reflection optimizer
2023-06-23T14:03:07.042-03:00  INFO 16268 --- [           main] o.h.b.i.BytecodeProviderInitiator        : HHH000021: Bytecode provider name : bytebuddy
2023-06-23T14:03:07.331-03:00  INFO 16268 --- [           main] o.s.o.j.p.SpringPersistenceUnitInfo      : No LoadTimeWeaver setup: ignoring JPA class transformer
2023-06-23T14:03:07.359-03:00  INFO 16268 --- [           main] com.zaxxer.hikari.HikariDataSource       : HikariPool-1 - Starting...
2023-06-23T14:03:09.434-03:00  INFO 16268 --- [           main] com.zaxxer.hikari.pool.HikariPool        : HikariPool-1 - Added connection com.mysql.cj.jdbc.ConnectionImpl@a9e8da1
2023-06-23T14:03:09.439-03:00  INFO 16268 --- [           main] com.zaxxer.hikari.HikariDataSource       : HikariPool-1 - Start completed.
2023-06-23T14:03:09.855-03:00  INFO 16268 --- [           main] org.hibernate.orm.dialect                : HHH035001: Using dialect: org.hibernate.dialect.MySQLDialect, version: 8.0.33
2023-06-23T14:03:10.166-03:00  INFO 16268 --- [           main] o.h.b.i.BytecodeProviderInitiator        : HHH000021: Bytecode provider name : bytebuddy
2023-06-23T14:03:10.941-03:00  INFO 16268 --- [           main] o.h.e.t.j.p.i.JtaPlatformInitiator       : HHH000490: Using JtaPlatform implementation: [org.hibernate.engine.transaction.jta.platform.internal.NoJtaPlatform]
2023-06-23T14:03:13.032-03:00  INFO 16268 --- [           main] j.LocalContainerEntityManagerFactoryBean : Initialized JPA EntityManagerFactory for persistence unit 'default'
2023-06-23T14:03:13.691-03:00  WARN 16268 --- [           main] JpaBaseConfiguration$JpaWebConfiguration : spring.jpa.open-in-view is enabled by default. Therefore, database queries may be performed during view rendering. Explicitly configure spring.jpa.open-in-view to disable this warning
2023-06-23T14:03:14.022-03:00  INFO 16268 --- [           main] o.s.s.web.DefaultSecurityFilterChain     : Will secure any request with [org.springframework.security.web.session.DisableEncodeUrlFilter@157267db, org.springframework.security.web.context.request.async.WebAsyncManagerIntegrationFilter@4b8ac512, org.springframework.security.web.context.SecurityContextHolderFilter@75bbe39d, org.springframework.security.web.header.HeaderWriterFilter@4f0f56f5, org.springframework.web.filter.CorsFilter@58922a00, org.springframework.security.web.authentication.logout.LogoutFilter@5aa2758a, com.back.appecommerce.auth.filters.JwtAuthenticationFilter@69c335c4, com.back.appecommerce.auth.filters.JwtValidationFilter@6f09cb98, org.springframework.security.web.savedrequest.RequestCacheAwareFilter@870413c, org.springframework.security.web.servletapi.SecurityContextHolderAwareRequestFilter@55a2ca5e, org.springframework.security.web.authentication.AnonymousAuthenticationFilter@7236213e, org.springframework.security.web.session.SessionManagementFilter@7f5c4ff8, org.springframework.security.web.access.ExceptionTranslationFilter@1a23136f, org.springframework.security.web.access.intercept.AuthorizationFilter@4cb87009]
2023-06-23T14:03:14.353-03:00  INFO 16268 --- [           main] c.b.a.AppEcommerceApplicationTests       : Started AppEcommerceApplicationTests in 9.472 seconds (process running for 10.547)
]]></system-out>
  </testcase>
</testsuite>